<?xml version="1.0" encoding="UTF-8"?>
<testsuite xmlns:xsi="http://www.w3.org/2001/XMLSchema-instance" xsi:noNamespaceSchemaLocation="https://maven.apache.org/surefire/maven-surefire-plugin/xsd/surefire-test-report.xsd" name="com.healthtrack.UsuarioRegresionTest" time="0.038" tests="3" errors="0" skipped="0" failures="2">
  <properties>
[...]
</properties>
  <testcase name="testPesoDecreseMismoValor" classname="com.healthtrack.UsuarioRegresionTest" time="0.023">
    <failure message="El peso no debe cambiar si se actualiza con el mismo valor ==&gt; expected: &lt;100.0&gt; but was: &lt;99.0&gt;" type="org.opentest4j.AssertionFailedError"><![CDATA[org.opentest4j.AssertionFailedError: El peso no debe cambiar si se actualiza con el mismo valor ==> expected: <100.0> but was: <99.0>
	at com.healthtrack.UsuarioRegresionTest.testPesoDecreseMismoValor(UsuarioRegresionTest.java:28)
]]></failure>
  </testcase>
  <testcase name="testPesoDescuentaUnKilo" classname="com.healthtrack.UsuarioRegresionTest" time="0"/>
  <testcase name="testPesoCorrecto" classname="com.healthtrack.UsuarioRegresionTest" time="0.001">
    <failure message="El peso no se actualizo correctamente ==&gt; expected: &lt;75.0&gt; but was: &lt;99.0&gt;" type="org.opentest4j.AssertionFailedError"><![CDATA[org.opentest4j.AssertionFailedError: El peso no se actualizo correctamente ==> expected: <75.0> but was: <99.0>
	at com.healthtrack.UsuarioRegresionTest.testPesoCorrecto(UsuarioRegresionTest.java:20)
]]></failure>
  </testcase>
</testsuite>